Performing C SOURCE FILE Test CMAKE_HAVE_LIBC_PTHREAD failed with the following output:
Change Dir: /home/zpw/github/SLAM/PCL库使用/ch01 滤波器/pcl::ExtractIndices提取点云子集/cmake-build-debug/CMakeFiles/CMakeTmp

Run Build Command(s):/usr/bin/make cmTC_22d53/fast && /usr/bin/make -f CMakeFiles/cmTC_22d53.dir/build.make CMakeFiles/cmTC_22d53.dir/build
make[1]: 进入目录“/home/zpw/github/SLAM/PCL库使用/ch01 滤波器/pcl::ExtractIndices提取点云子集/cmake-build-debug/CMakeFiles/CMakeTmp”
Building C object CMakeFiles/cmTC_22d53.dir/src.c.o
/usr/bin/cc   -DCMAKE_HAVE_LIBC_PTHREAD   -o CMakeFiles/cmTC_22d53.dir/src.c.o   -c "/home/zpw/github/SLAM/PCL库使用/ch01 滤波器/pcl::ExtractIndices提取点云子集/cmake-build-debug/CMakeFiles/CMakeTmp/src.c"
Linking C executable cmTC_22d53
/home/zpw/software/clion/clion-2019.2.2/bin/cmake/linux/bin/cmake -E cmake_link_script CMakeFiles/cmTC_22d53.dir/link.txt --verbose=1
/usr/bin/cc  -DCMAKE_HAVE_LIBC_PTHREAD    CMakeFiles/cmTC_22d53.dir/src.c.o  -o cmTC_22d53 
CMakeFiles/cmTC_22d53.dir/src.c.o：在函数‘main’中：
src.c:(.text+0x3e)：对‘pthread_create’未定义的引用
src.c:(.text+0x4a)：对‘pthread_detach’未定义的引用
src.c:(.text+0x5b)：对‘pthread_join’未定义的引用
src.c:(.text+0x6f)：对‘pthread_atfork’未定义的引用
collect2: error: ld returned 1 exit status
CMakeFiles/cmTC_22d53.dir/build.make:86: recipe for target 'cmTC_22d53' failed
make[1]: *** [cmTC_22d53] Error 1
make[1]: 离开目录“/home/zpw/github/SLAM/PCL库使用/ch01 滤波器/pcl::ExtractIndices提取点云子集/cmake-build-debug/CMakeFiles/CMakeTmp”
Makefile:121: recipe for target 'cmTC_22d53/fast' failed
make: *** [cmTC_22d53/fast] Error 2


Source file was:
#include <pthread.h>

void* test_func(void* data)
{
  return data;
}

int main(void)
{
  pthread_t thread;
  pthread_create(&thread, NULL, test_func, NULL);
  pthread_detach(thread);
  pthread_join(thread, NULL);
  pthread_atfork(NULL, NULL, NULL);
  pthread_exit(NULL);

  return 0;
}

Determining if the function pthread_create exists in the pthreads failed with the following output:
Change Dir: /home/zpw/github/SLAM/PCL库使用/ch01 滤波器/pcl::ExtractIndices提取点云子集/cmake-build-debug/CMakeFiles/CMakeTmp

Run Build Command(s):/usr/bin/make cmTC_33bcd/fast && /usr/bin/make -f CMakeFiles/cmTC_33bcd.dir/build.make CMakeFiles/cmTC_33bcd.dir/build
make[1]: 进入目录“/home/zpw/github/SLAM/PCL库使用/ch01 滤波器/pcl::ExtractIndices提取点云子集/cmake-build-debug/CMakeFiles/CMakeTmp”
Building C object CMakeFiles/cmTC_33bcd.dir/CheckFunctionExists.c.o
/usr/bin/cc   -DCHECK_FUNCTION_EXISTS=pthread_create   -o CMakeFiles/cmTC_33bcd.dir/CheckFunctionExists.c.o   -c /home/zpw/software/clion/clion-2019.2.2/bin/cmake/linux/share/cmake-3.15/Modules/CheckFunctionExists.c
Linking C executable cmTC_33bcd
/home/zpw/software/clion/clion-2019.2.2/bin/cmake/linux/bin/cmake -E cmake_link_script CMakeFiles/cmTC_33bcd.dir/link.txt --verbose=1
/usr/bin/cc  -DCHECK_FUNCTION_EXISTS=pthread_create    CMakeFiles/cmTC_33bcd.dir/CheckFunctionExists.c.o  -o cmTC_33bcd -lpthreads 
/usr/bin/ld: 找不到 -lpthreads
collect2: error: ld returned 1 exit status
CMakeFiles/cmTC_33bcd.dir/build.make:86: recipe for target 'cmTC_33bcd' failed
make[1]: *** [cmTC_33bcd] Error 1
make[1]: 离开目录“/home/zpw/github/SLAM/PCL库使用/ch01 滤波器/pcl::ExtractIndices提取点云子集/cmake-build-debug/CMakeFiles/CMakeTmp”
Makefile:121: recipe for target 'cmTC_33bcd/fast' failed
make: *** [cmTC_33bcd/fast] Error 2



